<?xml version="1.0" encoding="UTF-8"?>
<!-- Generated by org.testng.reporters.JUnitReportReporter -->
<testsuite hostname="RichaHome" name="com.itelearn.dataProviders.dataSets" tests="2" failures="0" timestamp="10 Aug 2017 01:00:04 GMT" time="46.447" errors="0">
  <testcase name="loginDataSet" time="22.336" classname="com.itelearn.dataProviders.dataSets"/>
  <testcase name="loginDataSet" time="24.111" classname="com.itelearn.dataProviders.dataSets"/>
</testsuite> <!-- com.itelearn.dataProviders.dataSets -->
