<?xml version="1.0" encoding="UTF-8"?>
<!-- Generated by org.testng.reporters.JUnitReportReporter -->
<testsuite name="com.itelearn.TestBase.TestBase" tests="1" time="166.798" ignored="0" failures="0" timestamp="11 Aug 2017 21:02:35 GMT" skipped="0" hostname="RichaHome" errors="0">
  <testcase name="basetest" time="166.798" classname="com.itelearn.TestBase.TestBase"/>
</testsuite> <!-- com.itelearn.TestBase.TestBase -->
