<?xml version="1.0" encoding="UTF-8"?>
<!-- Generated by org.testng.reporters.JUnitReportReporter -->
<testsuite hostname="RichaHome" name="com.itelearn.TestBase.TestBase" tests="1" failures="0" timestamp="10 Aug 2017 16:50:25 GMT" time="32.705" errors="0">
  <testcase name="basetest" time="32.705" classname="com.itelearn.TestBase.TestBase"/>
</testsuite> <!-- com.itelearn.TestBase.TestBase -->
